# SSL/TLS secrets log file, generated by NSS
CLIENT_HANDSHAKE_TRAFFIC_SECRET 192c285a90c8f60880ac56b6fb2b007fbaca9e8f61311370509dea0dc761fc74 a9816fdd8cc82766fc42ab5e091772e20e6e12073ff17996812c9751d88595a6
SERVER_HANDSHAKE_TRAFFIC_SECRET 192c285a90c8f60880ac56b6fb2b007fbaca9e8f61311370509dea0dc761fc74 f6b94ac54877a783136bacb0302121da98459178281b58231c43d931706140ae
CLIENT_TRAFFIC_SECRET_0 192c285a90c8f60880ac56b6fb2b007fbaca9e8f61311370509dea0dc761fc74 8f35b1295669e9bb023d79d785899017155bb5e6351e34e675ce2f27e9715485
SERVER_TRAFFIC_SECRET_0 192c285a90c8f60880ac56b6fb2b007fbaca9e8f61311370509dea0dc761fc74 48d84ef7ba7c1646ffa6f08a31a71206202d4dee74418d59689c210b5cd2853b
EXPORTER_SECRET 192c285a90c8f60880ac56b6fb2b007fbaca9e8f61311370509dea0dc761fc74 b0e984ea7a2d60866a47dd31c018ed9757832400f4e76b6d16c52747ca642f56
CLIENT_HANDSHAKE_TRAFFIC_SECRET ef8117a27135d1ac87ac9f9a0f02ebeb88dbacd3a602c3c359f109d21a60c7d2 9117d06fc499207ff8c4177b177a9c5f0644bb62d148331385400b0ef669c952
SERVER_HANDSHAKE_TRAFFIC_SECRET ef8117a27135d1ac87ac9f9a0f02ebeb88dbacd3a602c3c359f109d21a60c7d2 52528b65825ea194a913be49871f1060e49797672be447b0fc56e18f23e47c35
CLIENT_TRAFFIC_SECRET_0 ef8117a27135d1ac87ac9f9a0f02ebeb88dbacd3a602c3c359f109d21a60c7d2 098b87bbfcd88de6c2bb647b11cd49be857c38213cce7728dfd65c28e3b690c8
SERVER_TRAFFIC_SECRET_0 ef8117a27135d1ac87ac9f9a0f02ebeb88dbacd3a602c3c359f109d21a60c7d2 c4c316ac65a4d299b5f98ffead29f9b682c99815b7f9b943dc992812edca5e44
EXPORTER_SECRET ef8117a27135d1ac87ac9f9a0f02ebeb88dbacd3a602c3c359f109d21a60c7d2 228e3993498a3c3df82b908e0e6af2c61065139b9a0a3e9dfd1e15d0a46fb558
CLIENT_HANDSHAKE_TRAFFIC_SECRET 3d5044c6b4b2a2e6d41154f9153d36be33ddb21473771cd301cbcc7cebf47ffd 7d04e886958e5bb28516746a0e368edd8b8bacd0aa7c18c84bcd68c4005d18a6
SERVER_HANDSHAKE_TRAFFIC_SECRET 3d5044c6b4b2a2e6d41154f9153d36be33ddb21473771cd301cbcc7cebf47ffd 40619dd43fe672b45ffb5bd936304227ab468775803e3fd009e9d042692a4a8c
CLIENT_TRAFFIC_SECRET_0 3d5044c6b4b2a2e6d41154f9153d36be33ddb21473771cd301cbcc7cebf47ffd cb12a9789bae24ef93a98a9d713445d0641b231ae03079ad593de1d6661d0d57
SERVER_TRAFFIC_SECRET_0 3d5044c6b4b2a2e6d41154f9153d36be33ddb21473771cd301cbcc7cebf47ffd 2263cbda1cdf214a2688992f951f2f23beccd6183577698f9730f52303c63df8
EXPORTER_SECRET 3d5044c6b4b2a2e6d41154f9153d36be33ddb21473771cd301cbcc7cebf47ffd 782ccfaa64f48ccfef33d36c8706f2772349f90ce3c2ae381e66f531270aa90b
CLIENT_HANDSHAKE_TRAFFIC_SECRET a4499cafde308225ed9590263789ec7868367cabcb4cab22f66ab8ef3d0c2905 4c419a97a4e6423a0bf0912d299416f3d8abd828483abfb63d2230e02d39c331
SERVER_HANDSHAKE_TRAFFIC_SECRET a4499cafde308225ed9590263789ec7868367cabcb4cab22f66ab8ef3d0c2905 9833b77491c0c14961958950950e0085673151bdf3ee33d8fbfad15c361761f1
CLIENT_TRAFFIC_SECRET_0 a4499cafde308225ed9590263789ec7868367cabcb4cab22f66ab8ef3d0c2905 ede88acbd5fed78e34078a0be1688d13f8020f208bb8450fb2c40f203407507f
SERVER_TRAFFIC_SECRET_0 a4499cafde308225ed9590263789ec7868367cabcb4cab22f66ab8ef3d0c2905 c19d9f5e7471b2304761c1c09ffb318f5b6952a45cff68ae55e829b31cab312c
EXPORTER_SECRET a4499cafde308225ed9590263789ec7868367cabcb4cab22f66ab8ef3d0c2905 7d2090dd1e421775a10faf0f445f1c9059c347c15290be345b2353c8d9309456
CLIENT_HANDSHAKE_TRAFFIC_SECRET 8602f6083e71fcb648f412204477f756f15659f251dfaaeb1155f24c4b4eb4b4 d44d9384d88a6226175155e2a9e673a64db56e36b45a98fc5f0a885b0e6311d1
SERVER_HANDSHAKE_TRAFFIC_SECRET 8602f6083e71fcb648f412204477f756f15659f251dfaaeb1155f24c4b4eb4b4 ff6d2a4bf0a09c5dd3eb6aee46bb1c51200f166fefd7bad8d563d97139cc8aa6
CLIENT_TRAFFIC_SECRET_0 8602f6083e71fcb648f412204477f756f15659f251dfaaeb1155f24c4b4eb4b4 d084d2400ca1c419ff3d17737ec82cfcb44e494b121142c1fd7678dc92395b0a
SERVER_TRAFFIC_SECRET_0 8602f6083e71fcb648f412204477f756f15659f251dfaaeb1155f24c4b4eb4b4 c94c6131b420de286a758691d9cb8f86d34e5388dde4421f53b6b18c9fb1631e
EXPORTER_SECRET 8602f6083e71fcb648f412204477f756f15659f251dfaaeb1155f24c4b4eb4b4 60affa3f3eb8777d9a7ef630d48256e4431ea93652afeb042467699f4e312f61
CLIENT_HANDSHAKE_TRAFFIC_SECRET 67583bfb39af4376916b9788713c35ab229623891f59ce266d91f424277235a6 32f5b59055f82e7fe936a9e80c4af520cd186025cd0f3de54ae783d701e167ab
SERVER_HANDSHAKE_TRAFFIC_SECRET 67583bfb39af4376916b9788713c35ab229623891f59ce266d91f424277235a6 9ef7b069d9f1b50e76dfa4bb518679fd4bdc90864da8af88b3aa7e91e34547ed
CLIENT_TRAFFIC_SECRET_0 67583bfb39af4376916b9788713c35ab229623891f59ce266d91f424277235a6 a9c999e04600dac841098cccfa45a55f30830d44c8cb200c39a379847d6f23f5
SERVER_TRAFFIC_SECRET_0 67583bfb39af4376916b9788713c35ab229623891f59ce266d91f424277235a6 d796437a4b84aa80d7cffdc6faee704cd245fc14d649f642c033187f4e3aea66
EXPORTER_SECRET 67583bfb39af4376916b9788713c35ab229623891f59ce266d91f424277235a6 a58a23d1d175c83cf547b4c00d863b2498345f90399620860d1e665668ea975f
CLIENT_HANDSHAKE_TRAFFIC_SECRET 29341b4c13469c7500e482948c0caf43ec43c58a41354bb8a422f4141dd24656 2dd32c3e7d734ac02fc4ab3849128c52e55149edf5839ec0aeb168e8996341ac423077f90d4b45e3503249707e3f8cdf
SERVER_HANDSHAKE_TRAFFIC_SECRET 29341b4c13469c7500e482948c0caf43ec43c58a41354bb8a422f4141dd24656 33ce4c16e107f67cebd840fc8d160851184457d12871389eb9d09784425d08fc39a19d3dbe34e656f9930d6d321df87a
CLIENT_TRAFFIC_SECRET_0 29341b4c13469c7500e482948c0caf43ec43c58a41354bb8a422f4141dd24656 b7339817f3842ea9eb0195ec95b56a205d830fdfdf306895491de7be45597a701b2bb74820e36fdaa3c39148657b111e
SERVER_TRAFFIC_SECRET_0 29341b4c13469c7500e482948c0caf43ec43c58a41354bb8a422f4141dd24656 13b42e5d4308e6c48ca739e34c583aadc3272396b81ca1e1e7a5e6a112b84b9dc58c8b543b7c5e94b899b1a3dc6f3086
EXPORTER_SECRET 29341b4c13469c7500e482948c0caf43ec43c58a41354bb8a422f4141dd24656 d10cc4900da9f79840e4b9928a34119fbdfb9fdcc0da02fd38c816f68d71e7ed6744a4ecf03335456d10ddf913ebba46
CLIENT_HANDSHAKE_TRAFFIC_SECRET bf84fb5551a714e901666c474c4ac59861ed4fb56b34c57fa69ff24f6f9c37dc da0424c35971d1794cba83b1fdee52c85ac0729032b05458386d47adb2c1a9c7
SERVER_HANDSHAKE_TRAFFIC_SECRET bf84fb5551a714e901666c474c4ac59861ed4fb56b34c57fa69ff24f6f9c37dc b6ea4cf1b63c15bffb568e933694ff0f3bb0ce2cb789a14b8feb93f186e102de
CLIENT_TRAFFIC_SECRET_0 bf84fb5551a714e901666c474c4ac59861ed4fb56b34c57fa69ff24f6f9c37dc 0189e10e9e8eebf830a2240a75fee8531ffce07244f16fa04c511da3508b766e
SERVER_TRAFFIC_SECRET_0 bf84fb5551a714e901666c474c4ac59861ed4fb56b34c57fa69ff24f6f9c37dc 7ac66d78aecdf40f75b652cba01cc2e5184a170e6f34b65b35fc00a8022e46cc
EXPORTER_SECRET bf84fb5551a714e901666c474c4ac59861ed4fb56b34c57fa69ff24f6f9c37dc 3ac5c7f271b686718f997d116ca40390464b64d3d6d28d17ed1fcc3d8a429893
CLIENT_HANDSHAKE_TRAFFIC_SECRET 88a56efebd603ee1adcb5ff5b737675805f6837f662e7f677b6d721cfb8b6b75 23c6da4a78bc58fc402b1cf62d06b8b5b9efbdf8ea7972dcb2bb226a5ecce4ae8a7366753bcd1cb2004a1e698a9d47b5
SERVER_HANDSHAKE_TRAFFIC_SECRET 88a56efebd603ee1adcb5ff5b737675805f6837f662e7f677b6d721cfb8b6b75 63e94e345cc621577cd5f9b1beea3b60caf205568174560462c94de302430a1fc9113982e8ab883b78d02a12532f8e46
CLIENT_TRAFFIC_SECRET_0 88a56efebd603ee1adcb5ff5b737675805f6837f662e7f677b6d721cfb8b6b75 550d8d8e4166476238f32820222ff13e86950b9c42624d749e5a4364f0768bf448d5e71ac90c8f30ed0e5bf3c8691427
SERVER_TRAFFIC_SECRET_0 88a56efebd603ee1adcb5ff5b737675805f6837f662e7f677b6d721cfb8b6b75 8a5b488d40b43a4c1aef8a197553a2d3551ec5e9dcecf865f8e11f272abccddf1cf384f905d51701c3ecd3057ae27038
EXPORTER_SECRET 88a56efebd603ee1adcb5ff5b737675805f6837f662e7f677b6d721cfb8b6b75 adabd4c11736fa6ef828d162d81341532530bd327edb0b777bc5a696f112ebc07f0696d401e1e31a9fec562cbbe7e7ca
CLIENT_HANDSHAKE_TRAFFIC_SECRET 0bf294687f6814a29e2ee53e1b0483eb9005db3556b1b5799bbd5659b5598e5f 15e80d01c84d88aef5a071d65a8535a2c55f6a4a33f1ed91edebc0250813f3080b654c18aba8abc4c57410912af088da
SERVER_HANDSHAKE_TRAFFIC_SECRET 0bf294687f6814a29e2ee53e1b0483eb9005db3556b1b5799bbd5659b5598e5f 53835ed44ff9698a659cdf5df4b73de36cd8dd58362d9f99169f92d196b9502a5f0cde6080502261f40e58042f04b8f6
CLIENT_TRAFFIC_SECRET_0 0bf294687f6814a29e2ee53e1b0483eb9005db3556b1b5799bbd5659b5598e5f ce24ac61fbec27edcd72cf8f49f842a8d6a8f06b1af0efa80ce85d04f9e68011cb4dbf05600cb2eff4d5bbfddfd303c9
SERVER_TRAFFIC_SECRET_0 0bf294687f6814a29e2ee53e1b0483eb9005db3556b1b5799bbd5659b5598e5f d09e571e4da64d618a34ab6079036558e0b4e04f70e2d17b98cf8a79ae73a4f43fdc8d4f3d1eea490471f991597efa80
EXPORTER_SECRET 0bf294687f6814a29e2ee53e1b0483eb9005db3556b1b5799bbd5659b5598e5f d34ba2418bf8e27ef4b89a33c1fb0587bd2297fd0df63fbbd8d66253c3ce81a904f219af5430b93fa9d58aaacb8a0192
CLIENT_HANDSHAKE_TRAFFIC_SECRET eccb7c0e52f94477473c359b08bf5aa801660a81c4fc5cd66d069c1021888094 a235d532e1e1c10e432664a99298b3c407335e98d152074f3b7a94451aa8a4d4dd24c05b9ede79b3638fb53404b3498a
SERVER_HANDSHAKE_TRAFFIC_SECRET eccb7c0e52f94477473c359b08bf5aa801660a81c4fc5cd66d069c1021888094 050a0f2fc2bf2df72c4c338ec7d47e6a14506b9e45498c650fbd3bdd6f42f8089b44135bf59d6d25151b2d71b4b64501
CLIENT_TRAFFIC_SECRET_0 eccb7c0e52f94477473c359b08bf5aa801660a81c4fc5cd66d069c1021888094 f299503e8e5ef0360101e6fe8d4845c5720d78c1f1e6b708f5e43fc20bdd531832ce7387d84eed8f1df4cdc7b9a561f7
SERVER_TRAFFIC_SECRET_0 eccb7c0e52f94477473c359b08bf5aa801660a81c4fc5cd66d069c1021888094 9bb77dd3c847ac956f94707286c6d38f009ade2676fe9043f2ef498e668d1b48f8feaedba5add3911032b9f55c718808
EXPORTER_SECRET eccb7c0e52f94477473c359b08bf5aa801660a81c4fc5cd66d069c1021888094 bb84291fc87b260214a8df021a8a55c9a3b2572b537b66b41bfaefb71774efbf7930687b4bde5c6f666a6b9be4b784dc
CLIENT_HANDSHAKE_TRAFFIC_SECRET 71b85b2e3ee40bace9b8865d1ae65dd76afdea8fb2e840cf65ad098117cfa03d 7bb79d318e83984a6bd891b5dbe1dc0eb647685deb5113074e11a6cadae11e04925b16069e13cd2950be3f1c73ba7b0c
SERVER_HANDSHAKE_TRAFFIC_SECRET 71b85b2e3ee40bace9b8865d1ae65dd76afdea8fb2e840cf65ad098117cfa03d fbc7139a008a383c350c5207e7bd003397067ed3932b0bcbaf4609e93fb4f564bd387e316e4af8d6d50b4a631a4edcb0
CLIENT_TRAFFIC_SECRET_0 71b85b2e3ee40bace9b8865d1ae65dd76afdea8fb2e840cf65ad098117cfa03d 1be922fd797ac0591e52b0232b3a1fbc75728030dc3ff2829b065d2909200d5ed5c06f228000674e30d8a8648cb07f06
SERVER_TRAFFIC_SECRET_0 71b85b2e3ee40bace9b8865d1ae65dd76afdea8fb2e840cf65ad098117cfa03d 32988d7ac682903ed1f63d5d006ba1b062d21252c9232823a81f253bb80c7166ef2cddcbf7d06ac030b1d4658fba333f
EXPORTER_SECRET 71b85b2e3ee40bace9b8865d1ae65dd76afdea8fb2e840cf65ad098117cfa03d 1b5853ef1232a2d98c3a32dd2ad271119f1fc39128568da27472b4a04feae8f5de699758824ec5a3432826c92236794d
CLIENT_HANDSHAKE_TRAFFIC_SECRET 27984d3a359ba0aa200f466ab6041a22349691bee1642b527afca86deb7a60f5 7f85d3dee1bb66e8ef6c709decc52c8de5f65c09e90f3397c27b8fd4628014c73ea762504d4ce1f03698a37383104234
SERVER_HANDSHAKE_TRAFFIC_SECRET 27984d3a359ba0aa200f466ab6041a22349691bee1642b527afca86deb7a60f5 23ebef8796ff6185f10b7caa9d9c3f172f7b1da5f01fc8c0d6d1358ff3d6df130d3953ddc65d1217426f0dcd88696460
CLIENT_TRAFFIC_SECRET_0 27984d3a359ba0aa200f466ab6041a22349691bee1642b527afca86deb7a60f5 283701b42f184982ebbd09f1cb8631887f736bbd9adb65b4a044bd3ea7e6a55038e77897074a10ce5bf103b1ddd8bbd4
SERVER_TRAFFIC_SECRET_0 27984d3a359ba0aa200f466ab6041a22349691bee1642b527afca86deb7a60f5 2911da68f028f7b6746e926c15f869ace4a6312ce54517665e63ffb6cbc43f9be8eb5a717907b0639251523973cfc273
EXPORTER_SECRET 27984d3a359ba0aa200f466ab6041a22349691bee1642b527afca86deb7a60f5 65218a0ac5ad8d9fe568cc9dd5ca971b9fc3fad315b8b69863f7e062129f2806986fc16aa0c6f20c99faf7991612b83b
CLIENT_TRAFFIC_SECRET_0 708e4a51339aac8276a1e1c8853b4a6e864fc9dfc9212e17a7241dce7ec657d2 58f9db1059400f50d10c1f0f5c54de8b4f1d825885bdb353426899f6c3104ff2
SERVER_TRAFFIC_SECRET_0 708e4a51339aac8276a1e1c8853b4a6e864fc9dfc9212e17a7241dce7ec657d2 671f16ea182a5d85180573de2be79dff275a8716469eabf6a4d740b212ac8f6c
EXPORTER_SECRET 708e4a51339aac8276a1e1c8853b4a6e864fc9dfc9212e17a7241dce7ec657d2 788a446b1034639eea8261bf87a0fa1665a7f7449806870cbbdb5f43fda29e94
CLIENT_HANDSHAKE_TRAFFIC_SECRET ee8abd80aeb5e29c63d2f67a85b37b90408a9828e4b018e7aa85605bf54ce294 f80960e43d4f54f3ffb3bfef46138a112a3464939440d2bfb6d0fc30881870f1
SERVER_HANDSHAKE_TRAFFIC_SECRET ee8abd80aeb5e29c63d2f67a85b37b90408a9828e4b018e7aa85605bf54ce294 122b1354f2a15b17274edadf0f04104b6e35ef77041bc7b7f52696f54a96db74
CLIENT_TRAFFIC_SECRET_0 ee8abd80aeb5e29c63d2f67a85b37b90408a9828e4b018e7aa85605bf54ce294 929922b70573129077f2effb8f8e922ecaf26ae70d2dfd324055af932b7e3936
SERVER_TRAFFIC_SECRET_0 ee8abd80aeb5e29c63d2f67a85b37b90408a9828e4b018e7aa85605bf54ce294 3583c1e3a856f5a7075a15ca2077b302a64e0fde5e03a80f6cd79719d76513da
EXPORTER_SECRET ee8abd80aeb5e29c63d2f67a85b37b90408a9828e4b018e7aa85605bf54ce294 d21817dc97d6a379dfbe5efbace0957794c502ef13a31a6bf938b8ddcea6968e
CLIENT_HANDSHAKE_TRAFFIC_SECRET d8fe512a8c8eba06cf1d2f6778e8649924c11b6f69a2d577537c87b1301bf071 8541ebc9c46cd9896a8b790c7a329993cc5a3f2e2a5bbb0446b49dfec9ad12426fd08be1859c7a7901cf5dd2d315bbde
SERVER_HANDSHAKE_TRAFFIC_SECRET d8fe512a8c8eba06cf1d2f6778e8649924c11b6f69a2d577537c87b1301bf071 38e0491ca0a38c6c0318ee9b3ff6c4e5b86a4882d2748aef205ed2212871f4c1856da2500f730765766a63eb2294f77b
CLIENT_TRAFFIC_SECRET_0 d8fe512a8c8eba06cf1d2f6778e8649924c11b6f69a2d577537c87b1301bf071 de35b126e0645ddce74de82d1014c2d077b264e7154d3421d32366cff9352f011152d3b90fcfd636dbf8276320674d37
SERVER_TRAFFIC_SECRET_0 d8fe512a8c8eba06cf1d2f6778e8649924c11b6f69a2d577537c87b1301bf071 39161f867c77ed0591d6159853e08861d5b955365476d45ad00d200495ab5cb2fb1efe6d1642f6286747cc9f19758082
EXPORTER_SECRET d8fe512a8c8eba06cf1d2f6778e8649924c11b6f69a2d577537c87b1301bf071 e83ee57e79bb2c0d64de3e411c8be2b46c6037c9dcbd363e8f16fdfb981302e11d2ca13a6d604011dfe7c7766899859b
CLIENT_HANDSHAKE_TRAFFIC_SECRET 9e6a806c525d88adcbd184cf080dc377444e6faf54d68f3d9f340f49a01af91a df48e8ac29a6af9c46f2ac540548a348e851c78342375129e7064998deb0e02247c65c585c17d005303169732104e3fd
SERVER_HANDSHAKE_TRAFFIC_SECRET 9e6a806c525d88adcbd184cf080dc377444e6faf54d68f3d9f340f49a01af91a b8f4a70a2b1708f5d2915a6a2fd8e7a61ca9b8ef8c5457c1f2a2c102d32ee89cebdf351b1d8fbad5e9af5a3dee9f508c
CLIENT_TRAFFIC_SECRET_0 9e6a806c525d88adcbd184cf080dc377444e6faf54d68f3d9f340f49a01af91a 391f1837f97aa0860e4302399986e96fcd4cb839712b623c4590825bea3a59ee339e309bb30084e491159487e311eddf
SERVER_TRAFFIC_SECRET_0 9e6a806c525d88adcbd184cf080dc377444e6faf54d68f3d9f340f49a01af91a 30c0c3823f8b743c86917023efdb6d00eb0ca38293e29952dd9f712b8982c752a1a4edaece07410ccb73cb2276996d52
EXPORTER_SECRET 9e6a806c525d88adcbd184cf080dc377444e6faf54d68f3d9f340f49a01af91a d38bb9d14623823ecd4e9a1481aa2a96e95a30d69e7b5b9ee777130922929d2813b03681a380ceb1128f424b2e1f6279
CLIENT_HANDSHAKE_TRAFFIC_SECRET f3bd1647b894ab0dd438e81a57a3be84432a295a134ea68a4ade09a477eb3f40 6643fa51e073e3e4e6f755aac0a1fbf7c673efe77b472432c07dfaff3cd98af27ce2724202db19653bda42c9e1a47739
SERVER_HANDSHAKE_TRAFFIC_SECRET f3bd1647b894ab0dd438e81a57a3be84432a295a134ea68a4ade09a477eb3f40 d183fefe8742690539afb13a9f6652d35fa912017e45f463c22bcbfb9e827a6b7fe744a3f5736a0a0e0ba73b49dfea29
CLIENT_TRAFFIC_SECRET_0 f3bd1647b894ab0dd438e81a57a3be84432a295a134ea68a4ade09a477eb3f40 45a69b9f88dacc481b984146d54df159ede4f0208bba473d30d2020bfd24b260e4d83059665833fe0bc1062ae41a56ef
SERVER_TRAFFIC_SECRET_0 f3bd1647b894ab0dd438e81a57a3be84432a295a134ea68a4ade09a477eb3f40 3aba754591ee16e0e6a86a06e5470aac083893d71bd0a825c6c9e27eeb88802c15806b7642c5f4056ec075a14cd55edf
EXPORTER_SECRET f3bd1647b894ab0dd438e81a57a3be84432a295a134ea68a4ade09a477eb3f40 56fbb507fe4286d20f3398f1c956d9573ddca89fcde61722e7a194f1876470f207cdb0b523c99b04fd8e3ede1e793b53
CLIENT_HANDSHAKE_TRAFFIC_SECRET bd4ab6654c6eb4f1f72c94c4e933aba7b8e35d5812d5682830820afc94633b39 9b90e9e34f75e43487851163a1d2f4a2a46fa8cc3498b7e6b9a1bdb2132d03e341d92a3697c7529666b6522c4cbb0ba0
SERVER_HANDSHAKE_TRAFFIC_SECRET bd4ab6654c6eb4f1f72c94c4e933aba7b8e35d5812d5682830820afc94633b39 55f77a87fbc2d42ca8b2a4d9fb415c73ca5c615fef8623af6ca904ea7b20e0449a56281342a22221dcfdced73ef494b9
CLIENT_TRAFFIC_SECRET_0 bd4ab6654c6eb4f1f72c94c4e933aba7b8e35d5812d5682830820afc94633b39 26a6a9e8d06da3597de3be0a407098ef67f732b199d2cf190ebec90f75a7cfa48e2abea01041bda657356a43fe7c6287
SERVER_TRAFFIC_SECRET_0 bd4ab6654c6eb4f1f72c94c4e933aba7b8e35d5812d5682830820afc94633b39 f4d818af6c901c65194566474816d199a6e0c9ca77598485d6b77cf0a3aa67e8ef8db52f40353091a1deeee31e0eb2ad
EXPORTER_SECRET bd4ab6654c6eb4f1f72c94c4e933aba7b8e35d5812d5682830820afc94633b39 89f0089faf3ee999a52cd75489406599f8bdf50a88383387abd9ffe6a0dc1beea6c65f87eae0fd6756b0ab397c91c4e8
CLIENT_HANDSHAKE_TRAFFIC_SECRET d24e906db0602b9f05bb9ab1c927f37fe375a820032be7a74b176f8d3994f87f 5f6c8e65b6a9eb862f2c3da8d1aab86fcc7262be325af0d1a1ba488f66c290685d17a22a6871ecfe31fa5520aa3ccfb8
SERVER_HANDSHAKE_TRAFFIC_SECRET d24e906db0602b9f05bb9ab1c927f37fe375a820032be7a74b176f8d3994f87f 832fc0c10b515289b4011c386b3ede88d3f2996cd75b8c454046b4f3a2c9c210a9dea9783f0d6d1e1aa3df64f91493f8
CLIENT_TRAFFIC_SECRET_0 d24e906db0602b9f05bb9ab1c927f37fe375a820032be7a74b176f8d3994f87f cc698ed4294ad6d55dc0cc36fdf575aa1715fdb78235fdac0c3977e94341b1b10734bb6706b5350d2ce0554f0a66a2e5
SERVER_TRAFFIC_SECRET_0 d24e906db0602b9f05bb9ab1c927f37fe375a820032be7a74b176f8d3994f87f e41debe28dfbeb718dfa0303501b5c04d2dc40dbd8a06039168e41cc73f5458ce2a8919ebb6a902814a79df651ada926
EXPORTER_SECRET d24e906db0602b9f05bb9ab1c927f37fe375a820032be7a74b176f8d3994f87f f8f6184efbf2882193a0d4e56ed84d9c03f7eb9d7868ca4d23688c7d173c1ae881a5cc28943c475497694bb126027ee8
